Base path: 'C:/Program Files/Unity/Hub/Editor/2019.2.8f1/Editor/Data', plugins path 'C:/Program Files/Unity/Hub/Editor/2019.2.8f1/Editor/Data/PlaybackEngines'
Cmd: initializeCompiler
Cmd: preprocessCompute
  insize=421 outsize=420 ok=1
Cmd: preprocessCompute
  insize=1257 outsize=1256 ok=1
Cmd: preprocessCompute
  insize=1256 outsize=1255 ok=1
Cmd: compileComputeKernel
  error: 2 plat 4 at computeShader2.compute(8): unrecognized identifier 'StructuctedBuffer'
  api=4 insize=1255 outsize=0 ok=0
Cmd: preprocessCompute
  insize=1224 outsize=1223 ok=1
Cmd: compileComputeKernel
  error: 2 plat 4 at computeShader2.compute(8): unrecognized identifier 'StructuctedBuffer'
  api=4 insize=1223 outsize=0 ok=0
Cmd: preprocessCompute
  insize=1225 outsize=1224 ok=1
Cmd: preprocessCompute
  insize=421 outsize=420 ok=1
Cmd: preprocessCompute
  insize=299 outsize=298 ok=1
Cmd: compileComputeKernel
  error: 1 plat 4 at ComputeShaderTwo.compute(14): implicit truncation of vector type
  api=4 insize=298 outsize=843 ok=1
